<?xml version="1.0" encoding="utf-8"?>
<log version="1.0" tool="runtool">

<msg id="1" tool="runtool">
  <type>log-start</type>
  <arg>2024/08/13 08:53:24</arg>
</msg>
<msg id="2" tool="runtool">
  <type>bandwidth-measurement-starts</type>
</msg>
<msg id="3" tool="runtool">
  <type>bandwidth-measurement-done</type>
</msg>
<msg id="4" tool="runtool">
  <type>collector-starts</type>
</msg>
<msg id="5" tool="runtool">
  <type>marker-file</type>
  <arg>/home/user5/devil_pannu/monteCarlo/Project/cudaAdvisor/e000/trc000/trc000.advixe</arg>
</msg>
<msg id="6" tool="trc">
  <type>PROCESS_START</type>
  <arg>/home/user5/devil_pannu/monteCarlo/Project/cuda_barrier_option_pricing</arg>
  <arg>5797</arg>
  <severity>INFO</severity>
  <timestamp>Tue Aug 13 01:23:39 2024</timestamp>
</msg>
<msg id="7" tool="trc">
  <type>PROCESS_ANALYSIS_MODE</type>
  <arg>full</arg>
  <severity>INFO</severity>
  <timestamp>Tue Aug 13 01:23:39 2024</timestamp>
</msg>
<msg id="8" tool="trc">
  <type>LOAD_MODULE</type>
  <arg>/home/user5/devil_pannu/monteCarlo/Project/cuda_barrier_option_pricing</arg>
  <arg>0x400000</arg>
  <arg>0x7644a7</arg>
  <arg>yes</arg>
  <severity>INFO</severity>
  <timestamp>Tue Aug 13 01:23:39 2024</timestamp>
</msg>
<msg id="9" tool="trc">
  <type>LOAD_MODULE</type>
  <arg>/lib64/ld-linux-x86-64.so.2</arg>
  <arg>0x7f15d9084000</arg>
  <arg>0x7f15d92a714f</arg>
  <arg>yes</arg>
  <severity>INFO</severity>
  <timestamp>Tue Aug 13 01:23:39 2024</timestamp>
</msg>
<msg id="10" tool="trc">
  <type>LOAD_MODULE</type>
  <arg>[vdso]</arg>
  <arg>0x7ffdfdae8000</arg>
  <arg>0x7ffdfdae8e6c</arg>
  <arg>no</arg>
  <severity>INFO</severity>
  <timestamp>Tue Aug 13 01:23:39 2024</timestamp>
</msg>
<msg id="11" tool="trc">
  <type>LOAD_MODULE</type>
  <arg>/lib64/librt.so.1</arg>
  <arg>0x7f15c2b42000</arg>
  <arg>0x7f15c2d49c37</arg>
  <arg>yes</arg>
  <severity>INFO</severity>
  <timestamp>Tue Aug 13 01:23:39 2024</timestamp>
</msg>
<msg id="12" tool="trc">
  <type>LOAD_MODULE</type>
  <arg>/lib64/libpthread.so.0</arg>
  <arg>0x7f15c2897000</arg>
  <arg>0x7f15c2ab2487</arg>
  <arg>yes</arg>
  <severity>INFO</severity>
  <timestamp>Tue Aug 13 01:23:39 2024</timestamp>
</msg>
<msg id="13" tool="trc">
  <type>LOAD_MODULE</type>
  <arg>/lib64/libdl.so.2</arg>
  <arg>0x7f15c2693000</arg>
  <arg>0x7f15c289612f</arg>
  <arg>yes</arg>
  <severity>INFO</severity>
  <timestamp>Tue Aug 13 01:23:39 2024</timestamp>
</msg>
<msg id="14" tool="trc">
  <type>LOAD_MODULE</type>
  <arg>/home/apps/spack/opt/spack/linux-centos7-haswell/gcc-4.8.5/gcc-11.2.0-yqde46ks5t2vg2szmjvadwjv6uwmmytl/lib64/libstdc++.so.6</arg>
  <arg>0x7f15c2255000</arg>
  <arg>0x7f15c265b93f</arg>
  <arg>yes</arg>
  <severity>INFO</severity>
  <timestamp>Tue Aug 13 01:23:39 2024</timestamp>
</msg>
<msg id="15" tool="trc">
  <type>LOAD_MODULE</type>
  <arg>/lib64/libm.so.6</arg>
  <arg>0x7f15c1f53000</arg>
  <arg>0x7f15c2254137</arg>
  <arg>yes</arg>
  <severity>INFO</severity>
  <timestamp>Tue Aug 13 01:23:39 2024</timestamp>
</msg>
<msg id="16" tool="trc">
  <type>LOAD_MODULE</type>
  <arg>/home/apps/spack/opt/spack/linux-centos7-haswell/gcc-4.8.5/gcc-11.2.0-yqde46ks5t2vg2szmjvadwjv6uwmmytl/lib64/libgcc_s.so.1</arg>
  <arg>0x7f15c1d3b000</arg>
  <arg>0x7f15c1f52447</arg>
  <arg>yes</arg>
  <severity>INFO</severity>
  <timestamp>Tue Aug 13 01:23:39 2024</timestamp>
</msg>
<msg id="17" tool="trc">
  <type>LOAD_MODULE</type>
  <arg>/lib64/libc.so.6</arg>
  <arg>0x7f15c196d000</arg>
  <arg>0x7f15c1d3a1ff</arg>
  <arg>yes</arg>
  <severity>INFO</severity>
  <timestamp>Tue Aug 13 01:23:39 2024</timestamp>
</msg>
<msg id="18" tool="trc">
  <type>LOAD_MODULE</type>
  <arg>/lib64/libcuda.so.1</arg>
  <arg>0x7f15a530f000</arg>
  <arg>0x7f15a6ff7d5f</arg>
  <arg>no</arg>
  <severity>INFO</severity>
  <timestamp>Tue Aug 13 01:23:40 2024</timestamp>
</msg>
<msg id="19" tool="trc">
  <type>UNLOAD_MODULE</type>
  <arg>/home/user5/devil_pannu/monteCarlo/Project/cuda_barrier_option_pricing</arg>
  <severity>INFO</severity>
  <timestamp>Tue Aug 13 01:24:17 2024</timestamp>
</msg>
<msg id="20" tool="trc">
  <type>UNLOAD_MODULE</type>
  <arg>/lib64/ld-linux-x86-64.so.2</arg>
  <severity>INFO</severity>
  <timestamp>Tue Aug 13 01:24:17 2024</timestamp>
</msg>
<msg id="21" tool="trc">
  <type>UNLOAD_MODULE</type>
  <arg>[vdso]</arg>
  <severity>INFO</severity>
  <timestamp>Tue Aug 13 01:24:17 2024</timestamp>
</msg>
<msg id="22" tool="trc">
  <type>UNLOAD_MODULE</type>
  <arg>/lib64/librt.so.1</arg>
  <severity>INFO</severity>
  <timestamp>Tue Aug 13 01:24:17 2024</timestamp>
</msg>
<msg id="23" tool="trc">
  <type>UNLOAD_MODULE</type>
  <arg>/lib64/libpthread.so.0</arg>
  <severity>INFO</severity>
  <timestamp>Tue Aug 13 01:24:17 2024</timestamp>
</msg>
<msg id="24" tool="trc">
  <type>UNLOAD_MODULE</type>
  <arg>/lib64/libdl.so.2</arg>
  <severity>INFO</severity>
  <timestamp>Tue Aug 13 01:24:17 2024</timestamp>
</msg>
<msg id="25" tool="trc">
  <type>UNLOAD_MODULE</type>
  <arg>/home/apps/spack/opt/spack/linux-centos7-haswell/gcc-4.8.5/gcc-11.2.0-yqde46ks5t2vg2szmjvadwjv6uwmmytl/lib64/libstdc++.so.6</arg>
  <severity>INFO</severity>
  <timestamp>Tue Aug 13 01:24:17 2024</timestamp>
</msg>
<msg id="26" tool="trc">
  <type>UNLOAD_MODULE</type>
  <arg>/lib64/libm.so.6</arg>
  <severity>INFO</severity>
  <timestamp>Tue Aug 13 01:24:17 2024</timestamp>
</msg>
<msg id="27" tool="trc">
  <type>UNLOAD_MODULE</type>
  <arg>/home/apps/spack/opt/spack/linux-centos7-haswell/gcc-4.8.5/gcc-11.2.0-yqde46ks5t2vg2szmjvadwjv6uwmmytl/lib64/libgcc_s.so.1</arg>
  <severity>INFO</severity>
  <timestamp>Tue Aug 13 01:24:17 2024</timestamp>
</msg>
<msg id="28" tool="trc">
  <type>UNLOAD_MODULE</type>
  <arg>/lib64/libc.so.6</arg>
  <severity>INFO</severity>
  <timestamp>Tue Aug 13 01:24:17 2024</timestamp>
</msg>
<msg id="29" tool="trc">
  <type>UNLOAD_MODULE</type>
  <arg>/lib64/libcuda.so.1</arg>
  <severity>INFO</severity>
  <timestamp>Tue Aug 13 01:24:17 2024</timestamp>
</msg>
<msg id="30" tool="trc">
  <type>PROCESS_FINISH</type>
  <arg>/home/user5/devil_pannu/monteCarlo/Project/cuda_barrier_option_pricing</arg>
  <arg>5797</arg>
  <arg>0x0</arg>
  <severity>INFO</severity>
  <timestamp>Tue Aug 13 01:24:17 2024</timestamp>
</msg>
<msg id="31" tool="runtool">
  <type>app-exit-code</type>
  <arg>0</arg>
</msg>
<msg id="32" tool="runtool">
  <type>marker-file</type>
  <arg>/home/user5/devil_pannu/monteCarlo/Project/cudaAdvisor/e000/trc000/trc000.advixe</arg>
</msg>
<msg id="33" tool="runtool">
  <type>collector-done</type>
</msg>
<msg id="34" tool="runtool">
  <type>log-end</type>
  <arg>2024/08/13 08:54:20</arg>
</msg>

</log>

