<?xml version="1.0" encoding="utf-8" ?>
<!-- DO NOT EDIT THIS FILE -->

<log version='2.0' source='trc'>
	<msg id='1' display='false' source='trc'>
		<type>PROCESS_START</type>
		<severity>INFO</severity>
		<timestamp>Tue Aug 13 01:23:39 2024</timestamp>
		<arg name='process'>/home/user5/devil_pannu/monteCarlo/Project/cuda_barrier_option_pricing</arg>
		<arg name='pid'>5797</arg>
	</msg>
	<!-- Instrumentation filter's state:
    Patterns applicability:
        Generic loop pattern.....................: enabled
        Generic loop pattern (with dynamic jumps): enabled
        Known trip value loop pattern............: enabled
        Runtime final value loop pattern.........: enabled
        No initial IV loop pattern...............: enabled
        IV step only loop pattern................: enabled
        No entry loop pattern....................: enabled
    Clustered memory model (CMM) applicability:
        Generic loop pattern.....................: enabled
        Generic loop pattern (with dynamic jumps): enabled
        Known trip value loop pattern............: enabled
        Runtime final value loop pattern.........: enabled
        No initial IV loop pattern...............: enabled
        IV step only loop pattern................: enabled
        No entry loop pattern....................: disabled
 -->
	<!-- Callstack mode:
    filter modules.........: true
    filter routines........: true
    count loops............: true
    count flops............: true
    trace..................: false
    extended trace.........: false
    omp trace..............: false
    jit trace..............: false
    failures trace.........: false
    dump raw...............: false
    dump final.............: false
    dump all...............: false
    stack stitching........: true
    stl profiling..........: true
    aggressive frame switch: true
    unwind frame exit......: true
    analyze child loops....: true
 -->
	<!-- Managed application profiling: -->
	<!-- 	State...................: enabled -->
	<!-- Gpu Profiling: -->
	<!-- 	State: disabled -->
	<!-- Creating caches according to description: 6:64w:4k/1:480w:3840k/1:16w:12m -->
	<!-- Created cache simulator with the following features: empty feature, random set sampler, generic random set mapper, bb attribution, default tag, empty feature with size 12582912, associativity 16, and sampling 0.100000 -->
	<!-- Created cache simulator with the following features: set locker, random set sampler, fast random set mapper, bb attribution, default tag, empty feature with size 3932160, associativity 480, and sampling 0.100000 -->
	<!-- Created cache simulator with the following features: empty feature, empty feature, fast trivial set mapper, bb attribution, default tag, empty feature with size 4096, associativity 64, and sampling 1.000000 -->
	<!-- Created cache simulator with the following features: empty feature, empty feature, fast trivial set mapper, bb attribution, default tag, empty feature with size 4096, associativity 64, and sampling 1.000000 -->
	<!-- Created cache simulator with the following features: empty feature, empty feature, fast trivial set mapper, bb attribution, default tag, empty feature with size 4096, associativity 64, and sampling 1.000000 -->
	<!-- Created cache simulator with the following features: empty feature, empty feature, fast trivial set mapper, bb attribution, default tag, empty feature with size 4096, associativity 64, and sampling 1.000000 -->
	<!-- Created cache simulator with the following features: empty feature, empty feature, fast trivial set mapper, bb attribution, default tag, empty feature with size 4096, associativity 64, and sampling 1.000000 -->
	<!-- Created cache simulator with the following features: empty feature, empty feature, fast trivial set mapper, bb attribution, default tag, empty feature with size 4096, associativity 64, and sampling 1.000000 -->
	<!-- Cache hierarchy created. Status=success -->
	<msg id='2' display='false' source='trc'>
		<type>PROCESS_ANALYSIS_MODE</type>
		<severity>INFO</severity>
		<timestamp>Tue Aug 13 01:23:39 2024</timestamp>
		<arg name='mode'>full</arg>
	</msg>
	<!-- Update image info for [1:0x400000:YN] /home/user5/devil_pannu/monteCarlo/Project/cuda_barrier_option_pricing -->
	<msg id='3' display='false' source='trc'>
		<type>LOAD_MODULE</type>
		<severity>INFO</severity>
		<timestamp>Tue Aug 13 01:23:39 2024</timestamp>
		<arg name='module'>/home/user5/devil_pannu/monteCarlo/Project/cuda_barrier_option_pricing</arg>
		<arg name='basement'>0x400000</arg>
		<arg name='ceiling'>0x7644a7</arg>
		<arg name='symtab'>yes</arg>
	</msg>
	<!-- Instrumenting image: id = 1, name = /home/user5/devil_pannu/monteCarlo/Project/cuda_barrier_option_pricing -->
	<!-- Instrumenting loops in routine "main" -->
	<!-- Instrumenting loops in routine "__cudart1322" -->
	<!-- Instrumenting loops in routine "__cudart770" -->
	<!-- Update image info for [2:0x7F15D9084000:YN] /lib64/ld-linux-x86-64.so.2 -->
	<msg id='4' display='false' source='trc'>
		<type>LOAD_MODULE</type>
		<severity>INFO</severity>
		<timestamp>Tue Aug 13 01:23:39 2024</timestamp>
		<arg name='module'>/lib64/ld-linux-x86-64.so.2</arg>
		<arg name='basement'>0x7f15d9084000</arg>
		<arg name='ceiling'>0x7f15d92a714f</arg>
		<arg name='symtab'>yes</arg>
	</msg>
	<!-- Instrumentation of /lib64/ld-linux-x86-64.so.2 image skipped because of filter conditions [cs-mode]. -->
	<!-- Update image info for [3:0x7FFDFDAE8000:NN] [vdso] -->
	<msg id='5' display='false' source='trc'>
		<type>LOAD_MODULE</type>
		<severity>INFO</severity>
		<timestamp>Tue Aug 13 01:23:39 2024</timestamp>
		<arg name='module'>[vdso]</arg>
		<arg name='basement'>0x7ffdfdae8000</arg>
		<arg name='ceiling'>0x7ffdfdae8e6c</arg>
		<arg name='symtab'>no</arg>
	</msg>
	<!-- Instrumentation of [vdso] image skipped because of filter conditions [cs-mode]. -->
	<!-- Update image info for [4:0x7F15C2B42000:YN] /lib64/librt.so.1 -->
	<msg id='6' display='false' source='trc'>
		<type>LOAD_MODULE</type>
		<severity>INFO</severity>
		<timestamp>Tue Aug 13 01:23:39 2024</timestamp>
		<arg name='module'>/lib64/librt.so.1</arg>
		<arg name='basement'>0x7f15c2b42000</arg>
		<arg name='ceiling'>0x7f15c2d49c37</arg>
		<arg name='symtab'>yes</arg>
	</msg>
	<!-- Instrumentation of /lib64/librt.so.1 image skipped because of filter conditions [cs-mode]. -->
	<!-- Update image info for [5:0x7F15C2897000:YN] /lib64/libpthread.so.0 -->
	<msg id='7' display='false' source='trc'>
		<type>LOAD_MODULE</type>
		<severity>INFO</severity>
		<timestamp>Tue Aug 13 01:23:39 2024</timestamp>
		<arg name='module'>/lib64/libpthread.so.0</arg>
		<arg name='basement'>0x7f15c2897000</arg>
		<arg name='ceiling'>0x7f15c2ab2487</arg>
		<arg name='symtab'>yes</arg>
	</msg>
	<!-- Instrumentation of /lib64/libpthread.so.0 image skipped because of filter conditions. -->
	<!-- Update image info for [6:0x7F15C2693000:YN] /lib64/libdl.so.2 -->
	<msg id='8' display='false' source='trc'>
		<type>LOAD_MODULE</type>
		<severity>INFO</severity>
		<timestamp>Tue Aug 13 01:23:39 2024</timestamp>
		<arg name='module'>/lib64/libdl.so.2</arg>
		<arg name='basement'>0x7f15c2693000</arg>
		<arg name='ceiling'>0x7f15c289612f</arg>
		<arg name='symtab'>yes</arg>
	</msg>
	<!-- Instrumentation of /lib64/libdl.so.2 image skipped because of filter conditions [cs-mode]. -->
	<!-- Update image info for [7:0x7F15C2255000:YN] /home/apps/spack/opt/spack/linux-centos7-haswell/gcc-4.8.5/gcc-11.2.0-yqde46ks5t2vg2szmjvadwjv6uwmmytl/lib64/libstdc++.so.6 -->
	<msg id='9' display='false' source='trc'>
		<type>LOAD_MODULE</type>
		<severity>INFO</severity>
		<timestamp>Tue Aug 13 01:23:39 2024</timestamp>
		<arg name='module'>/home/apps/spack/opt/spack/linux-centos7-haswell/gcc-4.8.5/gcc-11.2.0-yqde46ks5t2vg2szmjvadwjv6uwmmytl/lib64/libstdc++.so.6</arg>
		<arg name='basement'>0x7f15c2255000</arg>
		<arg name='ceiling'>0x7f15c265b93f</arg>
		<arg name='symtab'>yes</arg>
	</msg>
	<!-- Instrumentation of /home/apps/spack/opt/spack/linux-centos7-haswell/gcc-4.8.5/gcc-11.2.0-yqde46ks5t2vg2szmjvadwjv6uwmmytl/lib64/libstdc++.so.6 image skipped because of filter conditions [cs-mode]. -->
	<!-- Update image info for [8:0x7F15C1F53000:YN] /lib64/libm.so.6 -->
	<msg id='10' display='false' source='trc'>
		<type>LOAD_MODULE</type>
		<severity>INFO</severity>
		<timestamp>Tue Aug 13 01:23:39 2024</timestamp>
		<arg name='module'>/lib64/libm.so.6</arg>
		<arg name='basement'>0x7f15c1f53000</arg>
		<arg name='ceiling'>0x7f15c2254137</arg>
		<arg name='symtab'>yes</arg>
	</msg>
	<!-- Instrumentation of /lib64/libm.so.6 image skipped because of filter conditions [cs-mode]. -->
	<!-- Update image info for [9:0x7F15C1D3B000:YN] /home/apps/spack/opt/spack/linux-centos7-haswell/gcc-4.8.5/gcc-11.2.0-yqde46ks5t2vg2szmjvadwjv6uwmmytl/lib64/libgcc_s.so.1 -->
	<msg id='11' display='false' source='trc'>
		<type>LOAD_MODULE</type>
		<severity>INFO</severity>
		<timestamp>Tue Aug 13 01:23:39 2024</timestamp>
		<arg name='module'>/home/apps/spack/opt/spack/linux-centos7-haswell/gcc-4.8.5/gcc-11.2.0-yqde46ks5t2vg2szmjvadwjv6uwmmytl/lib64/libgcc_s.so.1</arg>
		<arg name='basement'>0x7f15c1d3b000</arg>
		<arg name='ceiling'>0x7f15c1f52447</arg>
		<arg name='symtab'>yes</arg>
	</msg>
	<!-- Instrumentation of /home/apps/spack/opt/spack/linux-centos7-haswell/gcc-4.8.5/gcc-11.2.0-yqde46ks5t2vg2szmjvadwjv6uwmmytl/lib64/libgcc_s.so.1 image skipped because of filter conditions [cs-mode]. -->
	<!-- Update image info for [10:0x7F15C196D000:YN] /lib64/libc.so.6 -->
	<msg id='12' display='false' source='trc'>
		<type>LOAD_MODULE</type>
		<severity>INFO</severity>
		<timestamp>Tue Aug 13 01:23:39 2024</timestamp>
		<arg name='module'>/lib64/libc.so.6</arg>
		<arg name='basement'>0x7f15c196d000</arg>
		<arg name='ceiling'>0x7f15c1d3a1ff</arg>
		<arg name='symtab'>yes</arg>
	</msg>
	<!-- Instrumentation of /lib64/libc.so.6 image skipped because of filter conditions. -->
	<!-- Update image info for [11:0x7F15A530F000:NN] /lib64/libcuda.so.1 -->
	<msg id='13' display='false' source='trc'>
		<type>LOAD_MODULE</type>
		<severity>INFO</severity>
		<timestamp>Tue Aug 13 01:23:40 2024</timestamp>
		<arg name='module'>/lib64/libcuda.so.1</arg>
		<arg name='basement'>0x7f15a530f000</arg>
		<arg name='ceiling'>0x7f15a6ff7d5f</arg>
		<arg name='symtab'>no</arg>
	</msg>
	<!-- Instrumentation of /lib64/libcuda.so.1 image skipped because of no symbols and stripped binaries profiling is disabled. -->
	<msg id='14' display='false' source='trc'>
		<type>UNLOAD_MODULE</type>
		<severity>INFO</severity>
		<timestamp>Tue Aug 13 01:24:17 2024</timestamp>
		<arg name='module'>/home/user5/devil_pannu/monteCarlo/Project/cuda_barrier_option_pricing</arg>
	</msg>
	<msg id='15' display='false' source='trc'>
		<type>UNLOAD_MODULE</type>
		<severity>INFO</severity>
		<timestamp>Tue Aug 13 01:24:17 2024</timestamp>
		<arg name='module'>/lib64/ld-linux-x86-64.so.2</arg>
	</msg>
	<msg id='16' display='false' source='trc'>
		<type>UNLOAD_MODULE</type>
		<severity>INFO</severity>
		<timestamp>Tue Aug 13 01:24:17 2024</timestamp>
		<arg name='module'>[vdso]</arg>
	</msg>
	<msg id='17' display='false' source='trc'>
		<type>UNLOAD_MODULE</type>
		<severity>INFO</severity>
		<timestamp>Tue Aug 13 01:24:17 2024</timestamp>
		<arg name='module'>/lib64/librt.so.1</arg>
	</msg>
	<msg id='18' display='false' source='trc'>
		<type>UNLOAD_MODULE</type>
		<severity>INFO</severity>
		<timestamp>Tue Aug 13 01:24:17 2024</timestamp>
		<arg name='module'>/lib64/libpthread.so.0</arg>
	</msg>
	<msg id='19' display='false' source='trc'>
		<type>UNLOAD_MODULE</type>
		<severity>INFO</severity>
		<timestamp>Tue Aug 13 01:24:17 2024</timestamp>
		<arg name='module'>/lib64/libdl.so.2</arg>
	</msg>
	<msg id='20' display='false' source='trc'>
		<type>UNLOAD_MODULE</type>
		<severity>INFO</severity>
		<timestamp>Tue Aug 13 01:24:17 2024</timestamp>
		<arg name='module'>/home/apps/spack/opt/spack/linux-centos7-haswell/gcc-4.8.5/gcc-11.2.0-yqde46ks5t2vg2szmjvadwjv6uwmmytl/lib64/libstdc++.so.6</arg>
	</msg>
	<msg id='21' display='false' source='trc'>
		<type>UNLOAD_MODULE</type>
		<severity>INFO</severity>
		<timestamp>Tue Aug 13 01:24:17 2024</timestamp>
		<arg name='module'>/lib64/libm.so.6</arg>
	</msg>
	<msg id='22' display='false' source='trc'>
		<type>UNLOAD_MODULE</type>
		<severity>INFO</severity>
		<timestamp>Tue Aug 13 01:24:17 2024</timestamp>
		<arg name='module'>/home/apps/spack/opt/spack/linux-centos7-haswell/gcc-4.8.5/gcc-11.2.0-yqde46ks5t2vg2szmjvadwjv6uwmmytl/lib64/libgcc_s.so.1</arg>
	</msg>
	<msg id='23' display='false' source='trc'>
		<type>UNLOAD_MODULE</type>
		<severity>INFO</severity>
		<timestamp>Tue Aug 13 01:24:17 2024</timestamp>
		<arg name='module'>/lib64/libc.so.6</arg>
	</msg>
	<msg id='24' display='false' source='trc'>
		<type>UNLOAD_MODULE</type>
		<severity>INFO</severity>
		<timestamp>Tue Aug 13 01:24:17 2024</timestamp>
		<arg name='module'>/lib64/libcuda.so.1</arg>
	</msg>
	<msg id='25' display='false' source='trc'>
		<type>PROCESS_FINISH</type>
		<severity>INFO</severity>
		<timestamp>Tue Aug 13 01:24:17 2024</timestamp>
		<arg name='process'>/home/user5/devil_pannu/monteCarlo/Project/cuda_barrier_option_pricing</arg>
		<arg name='pid'>5797</arg>
		<arg name='exitcode'>0x0</arg>
	</msg>
	<!-- Application exited with code 0 -->
</log>