<?xml version="1.0" encoding="utf-8"?>
<log version="1.0" tool="runtool">

<msg id="1" tool="runtool">
  <type>log-start</type>
  <arg>2024/08/16 21:23:49</arg>
</msg>
<msg id="2" tool="runtool">
  <type>bandwidth-measurement-starts</type>
</msg>
<msg id="3" tool="runtool">
  <type>bandwidth-measurement-done</type>
</msg>
<msg id="4" tool="runtool">
  <type>collector-starts</type>
</msg>
<msg id="5" tool="runtool">
  <type>marker-file</type>
  <arg>/home/user5/devil_pannu/monteCarlo/Project/cppAdvisor/e000/trc001/trc001.advixe</arg>
</msg>
<msg id="6" tool="trc">
  <type>PROCESS_START</type>
  <arg>/home/user5/devil_pannu/monteCarlo/Project/barrier_option_pricing</arg>
  <arg>84348</arg>
  <severity>INFO</severity>
  <timestamp>Fri Aug 16 13:54:04 2024</timestamp>
</msg>
<msg id="7" tool="trc">
  <type>PROCESS_ANALYSIS_MODE</type>
  <arg>full</arg>
  <severity>INFO</severity>
  <timestamp>Fri Aug 16 13:54:04 2024</timestamp>
</msg>
<msg id="8" tool="trc">
  <type>LOAD_MODULE</type>
  <arg>/home/user5/devil_pannu/monteCarlo/Project/barrier_option_pricing</arg>
  <arg>0x400000</arg>
  <arg>0x6076a7</arg>
  <arg>yes</arg>
  <severity>INFO</severity>
  <timestamp>Fri Aug 16 13:54:04 2024</timestamp>
</msg>
<msg id="9" tool="trc">
  <type>LOAD_MODULE</type>
  <arg>/lib64/ld-linux-x86-64.so.2</arg>
  <arg>0x7f029326f000</arg>
  <arg>0x7f029349214f</arg>
  <arg>yes</arg>
  <severity>INFO</severity>
  <timestamp>Fri Aug 16 13:54:04 2024</timestamp>
</msg>
<msg id="10" tool="trc">
  <type>LOAD_MODULE</type>
  <arg>[vdso]</arg>
  <arg>0x7fff84b43000</arg>
  <arg>0x7fff84b43e6c</arg>
  <arg>no</arg>
  <severity>INFO</severity>
  <timestamp>Fri Aug 16 13:54:04 2024</timestamp>
</msg>
<msg id="11" tool="trc">
  <type>LOAD_MODULE</type>
  <arg>/home/apps/spack/opt/spack/linux-centos7-haswell/gcc-4.8.5/gcc-11.2.0-yqde46ks5t2vg2szmjvadwjv6uwmmytl/lib64/libstdc++.so.6</arg>
  <arg>0x7f027d115000</arg>
  <arg>0x7f027d51b93f</arg>
  <arg>yes</arg>
  <severity>INFO</severity>
  <timestamp>Fri Aug 16 13:54:04 2024</timestamp>
</msg>
<msg id="12" tool="trc">
  <type>LOAD_MODULE</type>
  <arg>/lib64/libm.so.6</arg>
  <arg>0x7f027cc3e000</arg>
  <arg>0x7f027cf3f137</arg>
  <arg>yes</arg>
  <severity>INFO</severity>
  <timestamp>Fri Aug 16 13:54:04 2024</timestamp>
</msg>
<msg id="13" tool="trc">
  <type>LOAD_MODULE</type>
  <arg>/home/apps/spack/opt/spack/linux-centos7-haswell/gcc-4.8.5/gcc-11.2.0-yqde46ks5t2vg2szmjvadwjv6uwmmytl/lib64/libgcc_s.so.1</arg>
  <arg>0x7f027ca26000</arg>
  <arg>0x7f027cc3d447</arg>
  <arg>yes</arg>
  <severity>INFO</severity>
  <timestamp>Fri Aug 16 13:54:04 2024</timestamp>
</msg>
<msg id="14" tool="trc">
  <type>LOAD_MODULE</type>
  <arg>/lib64/libc.so.6</arg>
  <arg>0x7f027c658000</arg>
  <arg>0x7f027ca251ff</arg>
  <arg>yes</arg>
  <severity>INFO</severity>
  <timestamp>Fri Aug 16 13:54:04 2024</timestamp>
</msg>
<msg id="15" tool="trc">
  <type>UNLOAD_MODULE</type>
  <arg>/home/user5/devil_pannu/monteCarlo/Project/barrier_option_pricing</arg>
  <severity>INFO</severity>
  <timestamp>Fri Aug 16 14:06:35 2024</timestamp>
</msg>
<msg id="16" tool="trc">
  <type>UNLOAD_MODULE</type>
  <arg>/lib64/ld-linux-x86-64.so.2</arg>
  <severity>INFO</severity>
  <timestamp>Fri Aug 16 14:06:35 2024</timestamp>
</msg>
<msg id="17" tool="trc">
  <type>UNLOAD_MODULE</type>
  <arg>[vdso]</arg>
  <severity>INFO</severity>
  <timestamp>Fri Aug 16 14:06:35 2024</timestamp>
</msg>
<msg id="18" tool="trc">
  <type>UNLOAD_MODULE</type>
  <arg>/home/apps/spack/opt/spack/linux-centos7-haswell/gcc-4.8.5/gcc-11.2.0-yqde46ks5t2vg2szmjvadwjv6uwmmytl/lib64/libstdc++.so.6</arg>
  <severity>INFO</severity>
  <timestamp>Fri Aug 16 14:06:35 2024</timestamp>
</msg>
<msg id="19" tool="trc">
  <type>UNLOAD_MODULE</type>
  <arg>/lib64/libm.so.6</arg>
  <severity>INFO</severity>
  <timestamp>Fri Aug 16 14:06:35 2024</timestamp>
</msg>
<msg id="20" tool="trc">
  <type>UNLOAD_MODULE</type>
  <arg>/home/apps/spack/opt/spack/linux-centos7-haswell/gcc-4.8.5/gcc-11.2.0-yqde46ks5t2vg2szmjvadwjv6uwmmytl/lib64/libgcc_s.so.1</arg>
  <severity>INFO</severity>
  <timestamp>Fri Aug 16 14:06:35 2024</timestamp>
</msg>
<msg id="21" tool="trc">
  <type>UNLOAD_MODULE</type>
  <arg>/lib64/libc.so.6</arg>
  <severity>INFO</severity>
  <timestamp>Fri Aug 16 14:06:35 2024</timestamp>
</msg>
<msg id="22" tool="trc">
  <type>PROCESS_FINISH</type>
  <arg>/home/user5/devil_pannu/monteCarlo/Project/barrier_option_pricing</arg>
  <arg>84348</arg>
  <arg>0x0</arg>
  <severity>INFO</severity>
  <timestamp>Fri Aug 16 14:06:35 2024</timestamp>
</msg>
<msg id="23" tool="runtool">
  <type>app-exit-code</type>
  <arg>0</arg>
</msg>
<msg id="24" tool="runtool">
  <type>marker-file</type>
  <arg>/home/user5/devil_pannu/monteCarlo/Project/cppAdvisor/e000/trc001/trc001.advixe</arg>
</msg>
<msg id="25" tool="runtool">
  <type>collector-done</type>
</msg>
<msg id="26" tool="runtool">
  <type>log-end</type>
  <arg>2024/08/16 21:36:38</arg>
</msg>

</log>

