10 [140591248299968] INFO perfrun.launcher <> - Launcher main begin
11 [140591248299968] INFO perfrun.launcher <> - MessageCatalogInit finished
11 [140591248299968] INFO perfrun.launcher <> - Launcher instance created
11 [140591248299968] INFO perfrun.launcher <> - argc = 7; cmdline = /opt/intel/oneapi/advisor/2023.0.0/bin64/advixe-runss --ui-output-format xml --ui-output-fd 9 --option-file /home/user5/devil_pannu/monteCarlo/Project/cppAdvisor/e000/hs003/config/runss.options 
83 [140591248299968] INFO perfrun.launcher <> - create msngr2::ICliToolContext
84 [140591248299968] INFO perfrun.launcher <> - create file finder object
84 [140591248299968] INFO perfrun.launcher <> - create a result directory: pattern = /home/user5/devil_pannu/monteCarlo/Project/cppAdvisor/e000/hs003 pid = 4294967295
86 [140591248299968] INFO perfrun.sdk <> - checked that the directory /home/user5/devil_pannu/monteCarlo/Project/cppAdvisor/e000/hs003 is a local directory
86 [140591248299968] INFO perfrun.sdk <> - the directory /home/user5/devil_pannu/monteCarlo/Project/cppAdvisor/e000/hs003 is a local directory with FS type ID 1481003842
86 [140591248299968] INFO perfrun.launcher <> - create data directory = /home/user5/devil_pannu/monteCarlo/Project/cppAdvisor/e000/hs003/data.0
87 [140591248299968] INFO perfrun.launcher <> - Creating the master collection flag
96 [140591248299968] INFO perfrun.launcher <> - Done creating the master collection flag
110 [140591123392256] INFO perfrun.launcher <> - plugin [remoteplug] was disabled because it doesn't support the given collection type.
111 [140591123392256] INFO perfrun.sdk <> - Allocating TMU :/home/user5/devil_pannu/monteCarlo/Project/cppAdvisor/e000/hs003/data.0/systemcollector-83427-shavak.sc
111 [140591123392256] INFO perfrun.launcher <> - plugin [] was disabled because it doesn't support the given collection type.
111 [140591123392256] INFO perfrun.launcher <> - plugin [gpu] was disabled because it doesn't support the given collection type.
111 [140591123392256] INFO perfrun.launcher <> - plugin [] was disabled because it doesn't support the given collection type.
111 [140591123392256] INFO perfrun.launcher <> - plugin [] was disabled because it doesn't support the given collection type.
111 [140591123392256] INFO perfrun.launcher <> - plugin [] was disabled because it doesn't support the given collection type.
111 [140591123392256] INFO perfrun.mrte <> - system-wide mode is 0
111 [140591123392256] INFO perfrun.mrte <> - Getting  mrte profiling environment ...
123 [140591123392256] INFO perfrun.mrte <> - INTEL_MRTE_DATA_DIR=/home/user5/devil_pannu/monteCarlo/Project/cppAdvisor/e000/hs003/data.0
123 [140591123392256] INFO perfrun.mrte <> - INTEL_MRTE_HOST_NAME=shavak
123 [140591123392256] INFO perfrun.mrte <> - JAVA_TOOL_OPTIONS=-agentlib:advixe_tpssmrte_javaprof_1.0 -Dsun.boot.library.path=/opt/intel/oneapi/advisor/2023.0.0/lib32/runtime:/opt/intel/oneapi/advisor/2023.0.0/lib64/runtime
123 [140591123392256] INFO perfrun.mrte <> - LD_LIBRARY_PATH=/opt/intel/oneapi/advisor/2023.0.0/lib32/runtime:/opt/intel/oneapi/advisor/2023.0.0/lib64/runtime:/home/apps/spack/opt/spack/linux-centos7-cascadelake/gcc-11.2.0/cuda-11.5.0-oxw5blb45zjhec53he4qhtifte3a5xhu/lib64:/home/apps/spack/opt/spack/linux-centos7-cascadelake/gcc-11.2.0/libxml2-2.9.12-kay3j2c6lwgtulz5lsosyvyv462cbzil/lib:/home/apps/spack/opt/spack/linux-centos7-cascadelake/gcc-11.2.0/zlib-1.2.11-2r3jtjxvltasn7jh64vhgfg6ikrckiy7/lib:/home/apps/spack/opt/spack/linux-centos7-cascadelake/gcc-11.2.0/xz-5.2.5-ah4yqsq3h4fyip47pjw4vvv4nu3xl7qa/lib:/home/apps/spack/opt/spack/linux-centos7-cascadelake/gcc-11.2.0/libiconv-1.16-mm6aw6xtwmip37hy5h6fikz4gg3mtl4n/lib:/home/apps/spack/opt/spack/linux-centos7-haswell/gcc-4.8.5/gcc-11.2.0-yqde46ks5t2vg2szmjvadwjv6uwmmytl/lib64:/home/apps/spack/opt/spack/linux-centos7-haswell/gcc-4.8.5/gcc-11.2.0-yqde46ks5t2vg2szmjvadwjv6uwmmytl/lib:/home/apps/spack/opt/spack/linux-centos7-haswell/gcc-4.8.5/zstd-1.5.0-wzyweqguutprsdz4y7qo463s6qems3cg/lib:/home/apps/spack/opt/spack/linux-centos7-haswell/gcc-4.8.5/zlib-1.2.11-z6uqlxnwffiyq73uq23w4fyzl5fu5tlk/lib:/home/apps/spack/opt/spack/linux-centos7-haswell/gcc-4.8.5/mpc-1.1.0-eefajary4vqmefc2k7bfctquy35g2ma6/lib:/home/apps/spack/opt/spack/linux-centos7-haswell/gcc-4.8.5/mpfr-4.1.0-pk35h7mmygjfypa6yedvbfhh4hejdjef/lib:/home/apps/spack/opt/spack/linux-centos7-haswell/gcc-4.8.5/gmp-6.2.1-vhuln5lwyeuvyfmgn3mexasvykopasw6/lib
123 [140591123392256] INFO perfrun.mrte <> - Data directory: /home/user5/devil_pannu/monteCarlo/Project/cppAdvisor/e000/hs003/data.0
123 [140591123392256] INFO perfrun.mrte <> - Mrte plugin is initialized
123 [140591123392256] INFO perfrun.launcher <> - plugin [] was disabled because it doesn't support the given collection type.
123 [140591123392256] INFO perfrun.launcher <> - plugin [] was disabled because it doesn't support the given collection type.
123 [140591123392256] INFO perfrun.launcher <> - plugin [] was disabled because it doesn't support the given collection type.
123 [140591123392256] INFO perfrun.launcher <> - plugin [] was disabled because it doesn't support the given collection type.
123 [140591123392256] INFO perfrun.launcher <> - plugin [] was disabled because it doesn't support the given collection type.
123 [140591123392256] INFO perfrun.launcher <> - plugin [] was disabled because it doesn't support the given collection type.
123 [140591123392256] INFO perfrun.launcher <> - plugin [] was disabled because it doesn't support the given collection type.
123 [140591123392256] INFO perfrun.tpss <> - initialize tpss controller
123 [140591123392256] INFO perfrun.tpss <> - configure collection mode: value = cpu:stack
124 [140591123392256] INFO perfrun.tpss <> - default obj-size-min=1024
124 [140591123392256] INFO perfrun.tpss <> - default hash-table-size=0
124 [140591123392256] INFO perfrun.launcher <> - plugin [] was disabled because it doesn't support the given collection type.
124 [140591123392256] INFO perfrun.launcher <> - plugin [] was disabled because it doesn't support the given collection type.
124 [140591123392256] INFO perfrun.launcher <> - plugin [] was disabled because it doesn't support the given collection type.
124 [140591123392256] INFO perfrun.launcher <> - plugin [] was disabled because it doesn't support the given collection type.
124 [140591123392256] INFO perfrun.launcher <> - plugin [] was disabled because it doesn't support the given collection type.
124 [140591123392256] INFO perfrun.launcher <> - plugin [] was disabled because it doesn't support the given collection type.
124 [140591123392256] INFO perfrun.launcher <> - plugin [] was disabled because it doesn't support the given collection type.
124 [140591123392256] INFO perfrun.launcher <> - plugin [] was disabled because it doesn't support the given collection type.
124 [140591123392256] INFO perfrun.launcher <> - plugin [] was disabled because it doesn't support the given collection type.
124 [140591248299968] INFO perfrun.launcher <> - set environment variable: LD_LIBRARY_PATH = /opt/intel/oneapi/advisor/2023.0.0/lib32/runtime:/opt/intel/oneapi/advisor/2023.0.0/lib64/runtime:/home/apps/spack/opt/spack/linux-centos7-cascadelake/gcc-11.2.0/cuda-11.5.0-oxw5blb45zjhec53he4qhtifte3a5xhu/lib64:/home/apps/spack/opt/spack/linux-centos7-cascadelake/gcc-11.2.0/libxml2-2.9.12-kay3j2c6lwgtulz5lsosyvyv462cbzil/lib:/home/apps/spack/opt/spack/linux-centos7-cascadelake/gcc-11.2.0/zlib-1.2.11-2r3jtjxvltasn7jh64vhgfg6ikrckiy7/lib:/home/apps/spack/opt/spack/linux-centos7-cascadelake/gcc-11.2.0/xz-5.2.5-ah4yqsq3h4fyip47pjw4vvv4nu3xl7qa/lib:/home/apps/spack/opt/spack/linux-centos7-cascadelake/gcc-11.2.0/libiconv-1.16-mm6aw6xtwmip37hy5h6fikz4gg3mtl4n/lib:/home/apps/spack/opt/spack/linux-centos7-haswell/gcc-4.8.5/gcc-11.2.0-yqde46ks5t2vg2szmjvadwjv6uwmmytl/lib64:/home/apps/spack/opt/spack/linux-centos7-haswell/gcc-4.8.5/gcc-11.2.0-yqde46ks5t2vg2szmjvadwjv6uwmmytl/lib:/home/apps/spack/opt/spack/linux-centos7-haswell/gcc-4.8.5/zstd-1.5.0-wzyweqguutprsdz4y7qo463s6qems3cg/lib:/home/apps/spack/opt/spack/linux-centos7-haswell/gcc-4.8.5/zlib-1.2.11-z6uqlxnwffiyq73uq23w4fyzl5fu5tlk/lib:/home/apps/spack/opt/spack/linux-centos7-haswell/gcc-4.8.5/mpc-1.1.0-eefajary4vqmefc2k7bfctquy35g2ma6/lib:/home/apps/spack/opt/spack/linux-centos7-haswell/gcc-4.8.5/mpfr-4.1.0-pk35h7mmygjfypa6yedvbfhh4hejdjef/lib:/home/apps/spack/opt/spack/linux-centos7-haswell/gcc-4.8.5/gmp-6.2.1-vhuln5lwyeuvyfmgn3mexasvykopasw6/lib
124 [140591248299968] INFO perfrun.launcher <> - set environment variable: INTEL_LIBITTNOTIFY32 = /opt/intel/oneapi/advisor/2023.0.0/lib32/runtime/libittnotify_collector.so
124 [140591248299968] INFO perfrun.launcher <> - set environment variable: INTEL_LIBITTNOTIFY64 = /opt/intel/oneapi/advisor/2023.0.0/lib64/runtime/libittnotify_collector.so
124 [140591248299968] INFO perfrun.launcher <> - set environment variable: INTEL_ITTNOTIFY_GROUPS = 
124 [140591248299968] INFO perfrun.launcher <> - set environment variable: INTEL_JIT_PROFILER32 = /opt/intel/oneapi/advisor/2023.0.0/lib32/runtime/libittnotify_collector.so
124 [140591248299968] INFO perfrun.launcher <> - set environment variable: INTEL_JIT_PROFILER64 = /opt/intel/oneapi/advisor/2023.0.0/lib64/runtime/libittnotify_collector.so
124 [140591248299968] INFO perfrun.launcher <> - set environment variable: OMP_TOOL_LIBRARIES = /opt/intel/oneapi/advisor/2023.0.0/lib32/runtime/libittnotify_collector.so:/opt/intel/oneapi/advisor/2023.0.0/lib64/runtime/libittnotify_collector.so
124 [140591248299968] INFO perfrun.launcher <> - set environment variable: ENABLE_JITPROFILING = 1
124 [140591248299968] INFO perfrun.launcher <> - set environment variable: CL_CONFIG_USE_VTUNE = True
125 [140591248299968] INFO perfrun.launcher <> - set environment variable: KMP_FORKJOIN_FRAMES = 0
125 [140591248299968] INFO perfrun.launcher <> - set environment variable: KMP_FORKJOIN_FRAMES_MODE = 0
125 [140591248299968] INFO perfrun.launcher <> - set environment variable: OMP_TOOL = disabled
125 [140591248299968] INFO perfrun.launcher <> - set environment variable: INTEL_MRTE_DATA_DIR = /home/user5/devil_pannu/monteCarlo/Project/cppAdvisor/e000/hs003/data.0
125 [140591248299968] INFO perfrun.launcher <> - set environment variable: INTEL_MRTE_HOST_NAME = shavak
125 [140591248299968] INFO perfrun.launcher <> - set environment variable: JAVA_TOOL_OPTIONS = -agentlib:advixe_tpssmrte_javaprof_1.0 -Dsun.boot.library.path=/opt/intel/oneapi/advisor/2023.0.0/lib32/runtime:/opt/intel/oneapi/advisor/2023.0.0/lib64/runtime
125 [140591248299968] INFO perfrun.launcher <> - set environment variable: LD_LIBRARY_PATH = /opt/intel/oneapi/advisor/2023.0.0/lib32/runtime:/opt/intel/oneapi/advisor/2023.0.0/lib64/runtime:/home/apps/spack/opt/spack/linux-centos7-cascadelake/gcc-11.2.0/cuda-11.5.0-oxw5blb45zjhec53he4qhtifte3a5xhu/lib64:/home/apps/spack/opt/spack/linux-centos7-cascadelake/gcc-11.2.0/libxml2-2.9.12-kay3j2c6lwgtulz5lsosyvyv462cbzil/lib:/home/apps/spack/opt/spack/linux-centos7-cascadelake/gcc-11.2.0/zlib-1.2.11-2r3jtjxvltasn7jh64vhgfg6ikrckiy7/lib:/home/apps/spack/opt/spack/linux-centos7-cascadelake/gcc-11.2.0/xz-5.2.5-ah4yqsq3h4fyip47pjw4vvv4nu3xl7qa/lib:/home/apps/spack/opt/spack/linux-centos7-cascadelake/gcc-11.2.0/libiconv-1.16-mm6aw6xtwmip37hy5h6fikz4gg3mtl4n/lib:/home/apps/spack/opt/spack/linux-centos7-haswell/gcc-4.8.5/gcc-11.2.0-yqde46ks5t2vg2szmjvadwjv6uwmmytl/lib64:/home/apps/spack/opt/spack/linux-centos7-haswell/gcc-4.8.5/gcc-11.2.0-yqde46ks5t2vg2szmjvadwjv6uwmmytl/lib:/home/apps/spack/opt/spack/linux-centos7-haswell/gcc-4.8.5/zstd-1.5.0-wzyweqguutprsdz4y7qo463s6qems3cg/lib:/home/apps/spack/opt/spack/linux-centos7-haswell/gcc-4.8.5/zlib-1.2.11-z6uqlxnwffiyq73uq23w4fyzl5fu5tlk/lib:/home/apps/spack/opt/spack/linux-centos7-haswell/gcc-4.8.5/mpc-1.1.0-eefajary4vqmefc2k7bfctquy35g2ma6/lib:/home/apps/spack/opt/spack/linux-centos7-haswell/gcc-4.8.5/mpfr-4.1.0-pk35h7mmygjfypa6yedvbfhh4hejdjef/lib:/home/apps/spack/opt/spack/linux-centos7-haswell/gcc-4.8.5/gmp-6.2.1-vhuln5lwyeuvyfmgn3mexasvykopasw6/lib
125 [140591248299968] INFO perfrun.launcher <> - RpcServer: run RPC server to handle requests
125 [140591248299968] INFO perfrun.launcher <> - Launcher: command line to start before modification = /home/user5/devil_pannu/monteCarlo/Project/barrier_option_pricing
126 [140591248299968] INFO perfrun.launcher <> - Launcher: command line to start after modification = /opt/intel/oneapi/advisor/2023.0.0/bin64/pin -error_file /home/user5/devil_pannu/monteCarlo/Project/cppAdvisor/e000/hs003/data.0/pinerr.tpsslog -detach_reattach -follow_execv -tool_load_option deepbind -t64 /opt/intel/oneapi/advisor/2023.0.0/lib64/libtpsstool.so -t /opt/intel/oneapi/advisor/2023.0.0/lib32/libtpsstool.so -server_name tpss_ipc.83427 -prd_dir /opt/intel/oneapi/advisor/2023.0.0 -- /home/user5/devil_pannu/monteCarlo/Project/barrier_option_pricing
126 [140591248299968] INFO perfrun.launcher <> - ProcessCreator object was created
127 [140591248299968] INFO perfrun.launcher <> - Launcher: the process was started in suspend mode
142 [140591123392256] WARN perfrun.system <> - Could not do anything with /sys/kernel/debug/kvm: boost::filesystem::status: Permission denied: "/sys/kernel/debug/kvm", at file: vcs/perfrun1/plugins/system/src/trace_writer.cpp:787
152 [140591123392256] WARN perfrun.sdk <> - SEP tool is not available, at file: vcs/perfrun1/plugins/pluginsdk/src/device_mapper.cpp:590
152 [140591123392256] WARN perfrun.sdk <> - SEP driver is not available, at file: vcs/perfrun1/plugins/pluginsdk/src/device_mapper.cpp:745
152 [140591123392256] WARN perfrun.sdk <> - amplxe-perf tool is not available, at file: vcs/perfrun1/plugins/pluginsdk/src/device_mapper.cpp:606
152 [140591123392256] WARN perfrun.sdk <> - Device mapping through perf is not available on current kernel, at file: vcs/perfrun1/plugins/pluginsdk/src/device_mapper.cpp:943
157 [140591123392256] WARN perfrun.sdk <> - SEP tool is not available, at file: vcs/perfrun1/plugins/pluginsdk/src/device_mapper.cpp:590
157 [140591123392256] WARN perfrun.sdk <> - SEP driver is not available, at file: vcs/perfrun1/plugins/pluginsdk/src/device_mapper.cpp:745
157 [140591123392256] WARN perfrun.sdk <> - Failed to find xl binary on any of the system paths: /bin, /sbin, /usr/bin, /usr/sbin., at file: vcs/perfrun1/sdk/src/utils.cpp:204
160 [140591123392256] INFO perfrun.vdso <> - Helper runtool '/opt/intel/oneapi/advisor/2023.0.0/bin32/advixe-runss -dump-vdso -r /home/user5/devil_pannu/monteCarlo/Project/cppAdvisor/e000/hs003 --tmp-dir /tmp/advixe-tmp-user5' returned 1
305 [140591123392256] INFO perfrun.vdso <> - Helper runtool '/opt/intel/oneapi/advisor/2023.0.0/bin64/advixe-runss -dump-vdso -r /home/user5/devil_pannu/monteCarlo/Project/cppAdvisor/e000/hs003 --tmp-dir /tmp/advixe-tmp-user5' returned 0
305 [140591123392256] INFO perfrun.itt <> - start itt controller for pid #83434
306 [140591123392256] INFO perfrun.tpss <> - start tpss controller for pid #83434
356 [140591248299968] INFO perfrun.launcher <> - Launcher: all plugins were started
357 [140591248299968] INFO perfrun.launcher <> - DirectoryMonitor object was created
357 [140591248299968] INFO perfrun.launcher <> - DirectoryMonitor: a callback was added
357 [140591248299968] INFO perfrun.launcher <> - DirectoryMonitor was started with pingTime = 1000
357 [140591248299968] INFO perfrun.launcher <> - DeadlineTimer is going to be constructed
357 [140591248299968] INFO perfrun.launcher <> - DeadlineTimer: a callback was added
367 [140591248299968] INFO perfrun.launcher <> - Launcher: resume the profiled application and  wait its termination or stop command
14387 [140591248299968] INFO perfrun.launcher <> - Launcher: the profiled application was terminated  with exit code = 0
14398 [140591123392256] INFO perfrun.itt <> - detach itt controller
14398 [140591123392256] INFO perfrun.itt <> - detach itt controller done
14398 [140591123392256] INFO perfrun.tpss <> - stop tpss controller
14399 [140591123392256] INFO perfrun.sdk <> - De-allocating TMU: /home/user5/devil_pannu/monteCarlo/Project/cppAdvisor/e000/hs003/data.0/systemcollector-83427-shavak.sc
14399 [140591123392256] INFO perfrun.system <> - closed the system trace file: /home/user5/devil_pannu/monteCarlo/Project/cppAdvisor/e000/hs003/data.0/systemcollector-83427-shavak.sc
14399 [140591248299968] INFO perfrun.launcher <> - Launcher: all plugins were stopped.
14399 [140591248299968] INFO perfrun.launcher <> - DeadlineTimer is going to be destroyed
14399 [140591248299968] INFO perfrun.launcher <> - DeadlineTimer was destroyed
14399 [140591248299968] INFO perfrun.launcher <> - DirectoryMonitor object was destroyed
14399 [140591248299968] WARN perfrun.launcher <> - Stop command is ignored because it is received when collection is already stopped, at file: vcs/perfrun1/launcher/src/command_handler.cpp:226
14400 [140591248299968] INFO perfrun.launcher <> - Application exit code: 0
14400 [140591248299968] INFO perfrun.launcher <> - Exit code: 0
