fnbounds: /home/apps/spack/opt/spack/linux-centos7-cascadelake/gcc-11.2.0/hpctoolkit-2021.10.15-xwzccbhlwuknxd3d2oiiok6dmnss3eiv/libexec/hpctoolkit/hpcfnbounds2
[176521, N]: -- begin new backtrace (innermost first) [PARTIAL] ----------
[176521, N]: NULL (0): ip = 0x7f404ac1c9b8 (0x1019b8), load module = /usr/lib64/libc-2.17.so | lip 
[176521, N]: -- end backtrace ------------------------------------

[176521, N]: -- begin new backtrace (innermost first) [PARTIAL] ----------
[176521, N]: NULL (0): ip = 0x7f404ac1c9d1 (0x1019d1), load module = /usr/lib64/libc-2.17.so | lip 
[176521, N]: NULL (0): ip = 0x7f404ac1c9e4 (0x1019e4), load module = /usr/lib64/libc-2.17.so | lip 
[176521, N]: -- end backtrace ------------------------------------

[176521, N]: -- begin new backtrace (innermost first) [PARTIAL] ----------
[176521, N]: NULL (0): ip = 0x7f404ac1ca02 (0x101a02), load module = /usr/lib64/libc-2.17.so | lip 
[176521, N]: NULL (0): ip = 0x7f404ac1c9e4 (0x1019e4), load module = /usr/lib64/libc-2.17.so | lip 
[176521, N]: -- end backtrace ------------------------------------

[176521, N]: -- begin new backtrace (innermost first) [PARTIAL] ----------
[176521, N]: NULL (0): ip = 0x7f404ac1c9cc (0x1019cc), load module = /usr/lib64/libc-2.17.so | lip 
[176521, N]: NULL (0): ip = 0x7f404ac1c9e4 (0x1019e4), load module = /usr/lib64/libc-2.17.so | lip 
[176521, N]: -- end backtrace ------------------------------------

[176521, N]: -- begin new backtrace (innermost first) [PARTIAL] ----------
[176521, N]: NULL (0): ip = 0x7f404ac1c9ee (0x1019ee), load module = /usr/lib64/libc-2.17.so | lip 
[176521, N]: NULL (0): ip = 0x7f404ac1c9e4 (0x1019e4), load module = /usr/lib64/libc-2.17.so | lip 
[176521, N]: -- end backtrace ------------------------------------

[176521, N]: -- begin new backtrace (innermost first) [PARTIAL] ----------
[176521, N]: NULL (0): ip = 0x7f404ac1c9ee (0x1019ee), load module = /usr/lib64/libc-2.17.so | lip 
[176521, N]: -- end backtrace ------------------------------------

[176521, N]: -- begin new backtrace (innermost first) [PARTIAL] ----------
[176521, N]: NULL (0): ip = 0x7f404ac1c9cc (0x1019cc), load module = /usr/lib64/libc-2.17.so | lip 
[176521, N]: NULL (0): ip = 0x7f404ac1c9e4 (0x1019e4), load module = /usr/lib64/libc-2.17.so | lip 
[176521, N]: -- end backtrace ------------------------------------

[176521, N]: -- begin new backtrace (innermost first) [PARTIAL] ----------
[176521, N]: NULL (0): ip = 0x7f404ac1c9bd (0x1019bd), load module = /usr/lib64/libc-2.17.so | lip 
[176521, N]: -- end backtrace ------------------------------------

[176521, N]: -- begin new backtrace (innermost first) [PARTIAL] ----------
[176521, N]: NULL (0): ip = 0x7f404ac1c9bd (0x1019bd), load module = /usr/lib64/libc-2.17.so | lip 
[176521, N]: -- end backtrace ------------------------------------

[176521, N]: -- begin new backtrace (innermost first) [PARTIAL] ----------
[176521, N]: NULL (0): ip = 0x7f404ac1c9d1 (0x1019d1), load module = /usr/lib64/libc-2.17.so | lip 
[176521, N]: -- end backtrace ------------------------------------

[176521, N]: -- begin new backtrace (innermost first) [PARTIAL] ----------
[176521, N]: NULL (0): ip = 0x7f404ac1c9fd (0x1019fd), load module = /usr/lib64/libc-2.17.so | lip 
[176521, N]: -- end backtrace ------------------------------------

[176521, N]: -- begin new backtrace (innermost first) [PARTIAL] ----------
[176521, N]: NULL (0): ip = 0x7f404ac1c9b0 (0x1019b0), load module = /usr/lib64/libc-2.17.so | lip 
[176521, N]: -- end backtrace ------------------------------------

[176521, N]: -- begin new backtrace (innermost first) [PARTIAL] ----------
[176521, N]: NULL (0): ip = 0x7f404ac1c9cc (0x1019cc), load module = /usr/lib64/libc-2.17.so | lip 
[176521, N]: -- end backtrace ------------------------------------

[176521, N]: -- begin new backtrace (innermost first) [PARTIAL] ----------
[176521, N]: NULL (0): ip = 0x7f404ac1c9cc (0x1019cc), load module = /usr/lib64/libc-2.17.so | lip 
[176521, N]: -- end backtrace ------------------------------------

[176521, N]: -- begin new backtrace (innermost first) [PARTIAL] ----------
[176521, N]: NULL (0): ip = 0x7f404ac1c9b8 (0x1019b8), load module = /usr/lib64/libc-2.17.so | lip 
[176521, N]: -- end backtrace ------------------------------------

[176521, N]: -- begin new backtrace (innermost first) [PARTIAL] ----------
[176521, N]: NULL (0): ip = 0x7f404ac1c9df (0x1019df), load module = /usr/lib64/libc-2.17.so | lip 
[176521, N]: -- end backtrace ------------------------------------

[176521, N]: -- begin new backtrace (innermost first) [PARTIAL] ----------
[176521, N]: NULL (0): ip = 0x7f404ac1c9cc (0x1019cc), load module = /usr/lib64/libc-2.17.so | lip 
[176521, N]: -- end backtrace ------------------------------------

[176521, N]: -- begin new backtrace (innermost first) [PARTIAL] ----------
[176521, N]: NULL (0): ip = 0x7f404ac1ca02 (0x101a02), load module = /usr/lib64/libc-2.17.so | lip 
[176521, N]: -- end backtrace ------------------------------------

[176521, N]: -- begin new backtrace (innermost first) [PARTIAL] ----------
[176521, N]: NULL (0): ip = 0x7f404ac1c9bd (0x1019bd), load module = /usr/lib64/libc-2.17.so | lip 
[176521, N]: -- end backtrace ------------------------------------

[176521, N]: -- begin new backtrace (innermost first) [PARTIAL] ----------
[176521, N]: NULL (0): ip = 0x7f404ac1ca06 (0x101a06), load module = /usr/lib64/libc-2.17.so | lip 
[176521, N]: NULL (0): ip = 0x7f404ac1c9e4 (0x1019e4), load module = /usr/lib64/libc-2.17.so | lip 
[176521, N]: -- end backtrace ------------------------------------

[176521, N]: -- begin new backtrace (innermost first) [PARTIAL] ----------
[176521, N]: NULL (0): ip = 0x7f404ac1c9bd (0x1019bd), load module = /usr/lib64/libc-2.17.so | lip 
[176521, N]: -- end backtrace ------------------------------------

[176521, N]: -- begin new backtrace (innermost first) [PARTIAL] ----------
[176521, N]: NULL (0): ip = 0x7f404ac1c9d1 (0x1019d1), load module = /usr/lib64/libc-2.17.so | lip 
[176521, N]: -- end backtrace ------------------------------------

[176521, N]: -- begin new backtrace (innermost first) [PARTIAL] ----------
[176521, N]: NULL (0): ip = 0x7f404ac1c9d1 (0x1019d1), load module = /usr/lib64/libc-2.17.so | lip 
[176521, N]: -- end backtrace ------------------------------------

[176521, N]: -- begin new backtrace (innermost first) [PARTIAL] ----------
[176521, N]: NULL (0): ip = 0x7f404ac1ca06 (0x101a06), load module = /usr/lib64/libc-2.17.so | lip 
[176521, N]: NULL (0): ip = 0x7f404ac1c9e4 (0x1019e4), load module = /usr/lib64/libc-2.17.so | lip 
[176521, N]: -- end backtrace ------------------------------------

[176521, N]: -- begin new backtrace (innermost first) [PARTIAL] ----------
[176521, N]: NULL (0): ip = 0x7f404ac1c9bd (0x1019bd), load module = /usr/lib64/libc-2.17.so | lip 
[176521, N]: -- end backtrace ------------------------------------

[176521, N]: -- begin new backtrace (innermost first) [PARTIAL] ----------
[176521, N]: NULL (0): ip = 0x7f404ac1c9d1 (0x1019d1), load module = /usr/lib64/libc-2.17.so | lip 
[176521, N]: -- end backtrace ------------------------------------

[176521, N]: -- begin new backtrace (innermost first) [PARTIAL] ----------
[176521, N]: NULL (0): ip = 0x7f404ac1c9b0 (0x1019b0), load module = /usr/lib64/libc-2.17.so | lip 
[176521, N]: -- end backtrace ------------------------------------

[176521, N]: -- begin new backtrace (innermost first) [PARTIAL] ----------
[176521, N]: NULL (0): ip = 0x7f404ac1ca02 (0x101a02), load module = /usr/lib64/libc-2.17.so | lip 
[176521, N]: -- end backtrace ------------------------------------

[176521, N]: -- begin new backtrace (innermost first) [PARTIAL] ----------
[176521, N]: NULL (0): ip = 0x7f404ac1c9ee (0x1019ee), load module = /usr/lib64/libc-2.17.so | lip 
[176521, N]: -- end backtrace ------------------------------------

[176521, N]: -- begin new backtrace (innermost first) [PARTIAL] ----------
[176521, N]: NULL (0): ip = 0x7f404ac1c9bd (0x1019bd), load module = /usr/lib64/libc-2.17.so | lip 
[176521, N]: -- end backtrace ------------------------------------

[176521, N]: -- begin new backtrace (innermost first) [PARTIAL] ----------
[176521, N]: NULL (0): ip = 0x7f404ac1c9bd (0x1019bd), load module = /usr/lib64/libc-2.17.so | lip 
[176521, N]: -- end backtrace ------------------------------------

[176521, N]: -- begin new backtrace (innermost first) [PARTIAL] ----------
[176521, N]: NULL (0): ip = 0x7f404ac1c9bd (0x1019bd), load module = /usr/lib64/libc-2.17.so | lip 
[176521, N]: -- end backtrace ------------------------------------

[176521, N]: -- begin new backtrace (innermost first) [PARTIAL] ----------
[176521, N]: NULL (0): ip = 0x7f404ac1c9b8 (0x1019b8), load module = /usr/lib64/libc-2.17.so | lip 
[176521, N]: -- end backtrace ------------------------------------

[176521, N]: -- begin new backtrace (innermost first) [PARTIAL] ----------
[176521, N]: NULL (0): ip = 0x7f404ac1c9ee (0x1019ee), load module = /usr/lib64/libc-2.17.so | lip 
[176521, N]: -- end backtrace ------------------------------------

[176521, N]: -- begin new backtrace (innermost first) [PARTIAL] ----------
[176521, N]: NULL (0): ip = 0x7f404ac1c9b0 (0x1019b0), load module = /usr/lib64/libc-2.17.so | lip 
[176521, N]: -- end backtrace ------------------------------------

[176521, N]: -- begin new backtrace (innermost first) [PARTIAL] ----------
[176521, N]: NULL (0): ip = 0x7f404ac1c9d1 (0x1019d1), load module = /usr/lib64/libc-2.17.so | lip 
[176521, N]: -- end backtrace ------------------------------------

[176521, N]: -- begin new backtrace (innermost first) [PARTIAL] ----------
[176521, N]: NULL (0): ip = 0x7f404ac1c9bd (0x1019bd), load module = /usr/lib64/libc-2.17.so | lip 
[176521, N]: -- end backtrace ------------------------------------

[176521, N]: -- begin new backtrace (innermost first) [PARTIAL] ----------
[176521, N]: NULL (0): ip = 0x7f404ac1c9ee (0x1019ee), load module = /usr/lib64/libc-2.17.so | lip 
[176521, N]: -- end backtrace ------------------------------------

[176521, N]: -- begin new backtrace (innermost first) [PARTIAL] ----------
[176521, N]: NULL (0): ip = 0x7f404ac1c9ee (0x1019ee), load module = /usr/lib64/libc-2.17.so | lip 
[176521, N]: -- end backtrace ------------------------------------

[176521, N]: -- begin new backtrace (innermost first) [PARTIAL] ----------
[176521, N]: NULL (0): ip = 0x7f404ac1c9b0 (0x1019b0), load module = /usr/lib64/libc-2.17.so | lip 
[176521, N]: -- end backtrace ------------------------------------

[176521, N]: -- begin new backtrace (innermost first) [PARTIAL] ----------
[176521, N]: NULL (0): ip = 0x7f404ac1c9e4 (0x1019e4), load module = /usr/lib64/libc-2.17.so | lip 
[176521, N]: -- end backtrace ------------------------------------

[176521, N]: -- begin new backtrace (innermost first) [PARTIAL] ----------
[176521, N]: NULL (0): ip = 0x7f404ac1c9cc (0x1019cc), load module = /usr/lib64/libc-2.17.so | lip 
[176521, N]: NULL (0): ip = 0x7f404ac1c9e4 (0x1019e4), load module = /usr/lib64/libc-2.17.so | lip 
[176521, N]: -- end backtrace ------------------------------------

[176521, N]: -- begin new backtrace (innermost first) [PARTIAL] ----------
[176521, N]: NULL (0): ip = 0x7f404ac1c9fd (0x1019fd), load module = /usr/lib64/libc-2.17.so | lip 
[176521, N]: -- end backtrace ------------------------------------

[176521, N]: -- begin new backtrace (innermost first) [PARTIAL] ----------
[176521, N]: NULL (0): ip = 0x7f404ac1c9df (0x1019df), load module = /usr/lib64/libc-2.17.so | lip 
[176521, N]: -- end backtrace ------------------------------------

[176521, N]: -- begin new backtrace (innermost first) [PARTIAL] ----------
[176521, N]: NULL (0): ip = 0x7f404ac1c9b0 (0x1019b0), load module = /usr/lib64/libc-2.17.so | lip 
[176521, N]: -- end backtrace ------------------------------------

[176521, N]: -- begin new backtrace (innermost first) [PARTIAL] ----------
[176521, N]: NULL (0): ip = 0x7f404ac1c9e9 (0x1019e9), load module = /usr/lib64/libc-2.17.so | lip 
[176521, N]: -- end backtrace ------------------------------------

[176521, N]: -- begin new backtrace (innermost first) [PARTIAL] ----------
[176521, N]: NULL (0): ip = 0x7f404ac1c9d1 (0x1019d1), load module = /usr/lib64/libc-2.17.so | lip 
[176521, N]: -- end backtrace ------------------------------------

[176521, N]: -- begin new backtrace (innermost first) [PARTIAL] ----------
[176521, N]: NULL (0): ip = 0x7f404ac1c9b0 (0x1019b0), load module = /usr/lib64/libc-2.17.so | lip 
[176521, N]: -- end backtrace ------------------------------------

[176521, N]: -- begin new backtrace (innermost first) [PARTIAL] ----------
[176521, N]: NULL (0): ip = 0x7f404ac1c9f3 (0x1019f3), load module = /usr/lib64/libc-2.17.so | lip 
[176521, N]: -- end backtrace ------------------------------------

[176521, N]: -- begin new backtrace (innermost first) [PARTIAL] ----------
[176521, N]: NULL (0): ip = 0x7f404ac1c9d1 (0x1019d1), load module = /usr/lib64/libc-2.17.so | lip 
[176521, N]: -- end backtrace ------------------------------------

[176521, N]: -- begin new backtrace (innermost first) [PARTIAL] ----------
[176521, N]: NULL (0): ip = 0x7f404ac1c9e9 (0x1019e9), load module = /usr/lib64/libc-2.17.so | lip 
[176521, N]: -- end backtrace ------------------------------------

[176521, N]: -- begin new backtrace (innermost first) [PARTIAL] ----------
[176521, N]: NULL (0): ip = 0x7f404ac1c9e9 (0x1019e9), load module = /usr/lib64/libc-2.17.so | lip 
[176521, N]: -- end backtrace ------------------------------------

[176521, N]: -- begin new backtrace (innermost first) [PARTIAL] ----------
[176521, N]: NULL (0): ip = 0x7f404ac1ca06 (0x101a06), load module = /usr/lib64/libc-2.17.so | lip 
[176521, N]: -- end backtrace ------------------------------------

[176521, N]: -- begin new backtrace (innermost first) [PARTIAL] ----------
[176521, N]: NULL (0): ip = 0x7f404ac1c9cc (0x1019cc), load module = /usr/lib64/libc-2.17.so | lip 
[176521, N]: -- end backtrace ------------------------------------

[176521, N]: -- begin new backtrace (innermost first) [PARTIAL] ----------
[176521, N]: NULL (0): ip = 0x7f404ac1c9fd (0x1019fd), load module = /usr/lib64/libc-2.17.so | lip 
[176521, N]: -- end backtrace ------------------------------------

[176521, N]: -- begin new backtrace (innermost first) [PARTIAL] ----------
[176521, N]: NULL (0): ip = 0x7f404ac1ca06 (0x101a06), load module = /usr/lib64/libc-2.17.so | lip 
[176521, N]: NULL (0): ip = 0x7f404ac1c9e4 (0x1019e4), load module = /usr/lib64/libc-2.17.so | lip 
[176521, N]: -- end backtrace ------------------------------------

[176521, N]: -- begin new backtrace (innermost first) [PARTIAL] ----------
[176521, N]: NULL (0): ip = 0x7f404ac1c9d1 (0x1019d1), load module = /usr/lib64/libc-2.17.so | lip 
[176521, N]: -- end backtrace ------------------------------------

[176521, N]: -- begin new backtrace (innermost first) [PARTIAL] ----------
[176521, N]: NULL (0): ip = 0x7f404ac1ca02 (0x101a02), load module = /usr/lib64/libc-2.17.so | lip 
[176521, N]: -- end backtrace ------------------------------------

[176521, N]: -- begin new backtrace (innermost first) [PARTIAL] ----------
[176521, N]: NULL (0): ip = 0x7f404ac1ca02 (0x101a02), load module = /usr/lib64/libc-2.17.so | lip 
[176521, N]: -- end backtrace ------------------------------------

[176521, N]: -- begin new backtrace (innermost first) [PARTIAL] ----------
[176521, N]: NULL (0): ip = 0x7f404ac1c9df (0x1019df), load module = /usr/lib64/libc-2.17.so | lip 
[176521, N]: -- end backtrace ------------------------------------

[176521, N]: -- begin new backtrace (innermost first) [PARTIAL] ----------
[176521, N]: NULL (0): ip = 0x7f404ac1c9bd (0x1019bd), load module = /usr/lib64/libc-2.17.so | lip 
[176521, N]: -- end backtrace ------------------------------------

[176521, N]: -- begin new backtrace (innermost first) [PARTIAL] ----------
[176521, N]: NULL (0): ip = 0x7f404ac1c9fd (0x1019fd), load module = /usr/lib64/libc-2.17.so | lip 
[176521, N]: -- end backtrace ------------------------------------

[176521, N]: -- begin new backtrace (innermost first) [PARTIAL] ----------
[176521, N]: NULL (0): ip = 0x7f404ac1c9b0 (0x1019b0), load module = /usr/lib64/libc-2.17.so | lip 
[176521, N]: -- end backtrace ------------------------------------

[176521, N]: -- begin new backtrace (innermost first) [PARTIAL] ----------
[176521, N]: NULL (0): ip = 0x7f404ac1c9e9 (0x1019e9), load module = /usr/lib64/libc-2.17.so | lip 
[176521, N]: -- end backtrace ------------------------------------

[176521, N]: -- begin new backtrace (innermost first) [PARTIAL] ----------
[176521, N]: NULL (0): ip = 0x7f404ac1c9df (0x1019df), load module = /usr/lib64/libc-2.17.so | lip 
[176521, N]: -- end backtrace ------------------------------------

[176521, N]: -- begin new backtrace (innermost first) [PARTIAL] ----------
[176521, N]: NULL (0): ip = 0x7f404ac1c9b0 (0x1019b0), load module = /usr/lib64/libc-2.17.so | lip 
[176521, N]: -- end backtrace ------------------------------------

[176521, N]: -- begin new backtrace (innermost first) [PARTIAL] ----------
[176521, N]: NULL (0): ip = 0x7f404ac1c9bd (0x1019bd), load module = /usr/lib64/libc-2.17.so | lip 
[176521, N]: -- end backtrace ------------------------------------

[176521, N]: -- begin new backtrace (innermost first) [PARTIAL] ----------
[176521, N]: NULL (0): ip = 0x7f404ac1c9b0 (0x1019b0), load module = /usr/lib64/libc-2.17.so | lip 
[176521, N]: -- end backtrace ------------------------------------

[176521, N]: -- begin new backtrace (innermost first) [PARTIAL] ----------
[176521, N]: NULL (0): ip = 0x7f404ac1c9d1 (0x1019d1), load module = /usr/lib64/libc-2.17.so | lip 
[176521, N]: -- end backtrace ------------------------------------

[176521, N]: -- begin new backtrace (innermost first) [PARTIAL] ----------
[176521, N]: NULL (0): ip = 0x7f404ac1c9e9 (0x1019e9), load module = /usr/lib64/libc-2.17.so | lip 
[176521, N]: -- end backtrace ------------------------------------

[176521, N]: -- begin new backtrace (innermost first) [PARTIAL] ----------
[176521, N]: NULL (0): ip = 0x7f404ac1c9e9 (0x1019e9), load module = /usr/lib64/libc-2.17.so | lip 
[176521, N]: -- end backtrace ------------------------------------

[176521, N]: -- begin new backtrace (innermost first) [PARTIAL] ----------
[176521, N]: NULL (0): ip = 0x7f404ac1c9b8 (0x1019b8), load module = /usr/lib64/libc-2.17.so | lip 
[176521, N]: NULL (0): ip = 0x7f404ac1c9e4 (0x1019e4), load module = /usr/lib64/libc-2.17.so | lip 
[176521, N]: -- end backtrace ------------------------------------

[176521, N]: -- begin new backtrace (innermost first) [PARTIAL] ----------
[176521, N]: NULL (0): ip = 0x7f404ac1c9bd (0x1019bd), load module = /usr/lib64/libc-2.17.so | lip 
[176521, N]: -- end backtrace ------------------------------------

[176521, N]: -- begin new backtrace (innermost first) [PARTIAL] ----------
[176521, N]: NULL (0): ip = 0x7f404ac1c9fd (0x1019fd), load module = /usr/lib64/libc-2.17.so | lip 
[176521, N]: -- end backtrace ------------------------------------

[176521, N]: -- begin new backtrace (innermost first) [PARTIAL] ----------
[176521, N]: NULL (0): ip = 0x7f404ac1c9d1 (0x1019d1), load module = /usr/lib64/libc-2.17.so | lip 
[176521, N]: -- end backtrace ------------------------------------

[176521, N]: -- begin new backtrace (innermost first) [PARTIAL] ----------
[176521, N]: NULL (0): ip = 0x7f404ac1c9e9 (0x1019e9), load module = /usr/lib64/libc-2.17.so | lip 
[176521, N]: -- end backtrace ------------------------------------

[176521, N]: -- begin new backtrace (innermost first) [PARTIAL] ----------
[176521, N]: NULL (0): ip = 0x7f404ac1c9f3 (0x1019f3), load module = /usr/lib64/libc-2.17.so | lip 
[176521, N]: NULL (0): ip = 0x7f404ac1c9e4 (0x1019e4), load module = /usr/lib64/libc-2.17.so | lip 
[176521, N]: -- end backtrace ------------------------------------

[176521, N]: -- begin new backtrace (innermost first) [PARTIAL] ----------
[176521, N]: NULL (0): ip = 0x7f404ac1c9e9 (0x1019e9), load module = /usr/lib64/libc-2.17.so | lip 
[176521, N]: -- end backtrace ------------------------------------

[176521, N]: -- begin new backtrace (innermost first) [PARTIAL] ----------
[176521, N]: NULL (0): ip = 0x7f404ac1c9b8 (0x1019b8), load module = /usr/lib64/libc-2.17.so | lip 
[176521, N]: -- end backtrace ------------------------------------

[176521, N]: -- begin new backtrace (innermost first) [PARTIAL] ----------
[176521, N]: NULL (0): ip = 0x7f404ac1ca06 (0x101a06), load module = /usr/lib64/libc-2.17.so | lip 
[176521, N]: NULL (0): ip = 0x7f404ac1c9e4 (0x1019e4), load module = /usr/lib64/libc-2.17.so | lip 
[176521, N]: -- end backtrace ------------------------------------

[176521, N]: -- begin new backtrace (innermost first) [PARTIAL] ----------
[176521, N]: NULL (0): ip = 0x7f404ac1c9fd (0x1019fd), load module = /usr/lib64/libc-2.17.so | lip 
[176521, N]: -- end backtrace ------------------------------------

[176521, N]: -- begin new backtrace (innermost first) [PARTIAL] ----------
[176521, N]: NULL (0): ip = 0x7f404ac1c9bd (0x1019bd), load module = /usr/lib64/libc-2.17.so | lip 
[176521, N]: -- end backtrace ------------------------------------

[176521, N]: -- begin new backtrace (innermost first) [PARTIAL] ----------
[176521, N]: NULL (0): ip = 0x7f404ac1c9f3 (0x1019f3), load module = /usr/lib64/libc-2.17.so | lip 
[176521, N]: -- end backtrace ------------------------------------

[176521, N]: -- begin new backtrace (innermost first) [PARTIAL] ----------
[176521, N]: NULL (0): ip = 0x7f404ac1c9d1 (0x1019d1), load module = /usr/lib64/libc-2.17.so | lip 
[176521, N]: -- end backtrace ------------------------------------

[176521, N]: -- begin new backtrace (innermost first) [PARTIAL] ----------
[176521, N]: NULL (0): ip = 0x7f404ac1c9b0 (0x1019b0), load module = /usr/lib64/libc-2.17.so | lip 
[176521, N]: -- end backtrace ------------------------------------

[176521, N]: -- begin new backtrace (innermost first) [PARTIAL] ----------
[176521, N]: NULL (0): ip = 0x7f404ac1c9bd (0x1019bd), load module = /usr/lib64/libc-2.17.so | lip 
[176521, N]: -- end backtrace ------------------------------------

[176521, N]: -- begin new backtrace (innermost first) [PARTIAL] ----------
[176521, N]: NULL (0): ip = 0x7f404ac1c9fd (0x1019fd), load module = /usr/lib64/libc-2.17.so | lip 
[176521, N]: -- end backtrace ------------------------------------

[176521, N]: -- begin new backtrace (innermost first) [PARTIAL] ----------
[176521, N]: NULL (0): ip = 0x7f404ac1c9d1 (0x1019d1), load module = /usr/lib64/libc-2.17.so | lip 
[176521, N]: -- end backtrace ------------------------------------

[176521, N]: -- begin new backtrace (innermost first) [PARTIAL] ----------
[176521, N]: NULL (0): ip = 0x7f404ac1c9ee (0x1019ee), load module = /usr/lib64/libc-2.17.so | lip 
[176521, N]: -- end backtrace ------------------------------------

[176521, N]: -- begin new backtrace (innermost first) [PARTIAL] ----------
[176521, N]: NULL (0): ip = 0x7f404ac1c9ee (0x1019ee), load module = /usr/lib64/libc-2.17.so | lip 
[176521, N]: -- end backtrace ------------------------------------

[176521, N]: -- begin new backtrace (innermost first) [PARTIAL] ----------
[176521, N]: NULL (0): ip = 0x7f404ac1c9d1 (0x1019d1), load module = /usr/lib64/libc-2.17.so | lip 
[176521, N]: -- end backtrace ------------------------------------

[176521, N]: -- begin new backtrace (innermost first) [PARTIAL] ----------
[176521, N]: NULL (0): ip = 0x7f404ac1c9b8 (0x1019b8), load module = /usr/lib64/libc-2.17.so | lip 
[176521, N]: NULL (0): ip = 0x7f404ac1c9e4 (0x1019e4), load module = /usr/lib64/libc-2.17.so | lip 
[176521, N]: -- end backtrace ------------------------------------

MEMORY: segment size: 4.0 meg, num segments: 3, total allocation: 12.0 meg, reclaims: 0
MEMORY: total freeable: 0.0 meg, total non-freeable: 4.2 meg, malloc failures: 0
UNWIND ANOMALIES: total: 943 errant: 92, total-frames: 6158, total-libunwind-fails: 0
ACC SUMMARY:
         accelerator trace records: 0 (processed: 0, dropped: 0)
         accelerator samples: 0 (recorded: 0, dropped: 0)
SAMPLE ANOMALIES: blocks: 0 (async: 0, dlopen: 0), errors: 92 (segv: 0, soft: 92)
SUMMARY: samples: 943 (recorded: 943, blocked: 0, errant: 92, trolled: 230, yielded: 0),
         frames: 6158 (trolled: 230)
         intervals: 204 (suspicious: 0)
